[0;97;49mStarted GET "/" at 2014-12-02 17:42:03 +0530[0m
Detecting locale EN
Found page "Home page" [index]
  Rendered snippet head
  Rendered snippet header
  Rendered snippet footer
  Rendered liquid page template
[0;32;49mCompleted 200 OK in 4.0ms

[0m
* Reloaded "pages", "snippets" at 2014-12-02 19:32:14 +0530
* Reloaded "pages", "snippets" at 2014-12-02 19:32:24 +0530
[0;97;49mStarted GET "/" at 2014-12-02 19:33:47 +0530[0m
Detecting locale EN
Found page "Home page" [index]
  Rendered snippet head
  Rendered snippet header
  Rendered snippet footer
  Rendered liquid page template
[0;32;49mCompleted 200 OK in 3.7ms

[0m
